<?xml version="1.0" encoding="UTF-8"?>
<testsuite xmlns:xsi="http://www.w3.org/2001/XMLSchema-instance" xsi:noNamespaceSchemaLocation="https://maven.apache.org/surefire/maven-surefire-plugin/xsd/surefire-test-report.xsd" name="com.fuqinqin.code.AppTest" time="0.04" tests="1" errors="0" skipped="0" failures="0">
  <properties>
    <property name="sun.desktop" value="windows"/>
    <property name="awt.toolkit" value="sun.awt.windows.WToolkit"/>
    <property name="file.encoding.pkg" value="sun.io"/>
    <property name="java.specification.version" value="1.8"/>
    <property name="sun.cpu.isalist" value="amd64"/>
    <property name="sun.jnu.encoding" value="GBK"/>
    <property name="java.class.path" value="F:\ideaProjects\springboot\spring-boot-starter-hello\target\test-classes;F:\ideaProjects\springboot\spring-boot-starter-hello\target\classes;E:\Maven\repository\org\springframework\boot\spring-boot-autoconfigure\1.5.14.RELEASE\spring-boot-autoconfigure-1.5.14.RELEASE.jar;E:\Maven\repository\org\springframework\boot\spring-boot\1.5.14.RELEASE\spring-boot-1.5.14.RELEASE.jar;E:\Maven\repository\org\springframework\spring-core\4.3.18.RELEASE\spring-core-4.3.18.RELEASE.jar;E:\Maven\repository\commons-logging\commons-logging\1.2\commons-logging-1.2.jar;E:\Maven\repository\org\springframework\spring-context\4.3.18.RELEASE\spring-context-4.3.18.RELEASE.jar;E:\Maven\repository\org\springframework\spring-aop\4.3.18.RELEASE\spring-aop-4.3.18.RELEASE.jar;E:\Maven\repository\org\springframework\spring-beans\4.3.18.RELEASE\spring-beans-4.3.18.RELEASE.jar;E:\Maven\repository\org\springframework\spring-expression\4.3.18.RELEASE\spring-expression-4.3.18.RELEASE.jar;E:\Maven\repository\junit\junit\4.11\junit-4.11.jar;E:\Maven\repository\org\hamcrest\hamcrest-core\1.3\hamcrest-core-1.3.jar;"/>
    <property name="java.vm.vendor" value="Oracle Corporation"/>
    <property name="sun.arch.data.model" value="64"/>
    <property name="user.variant" value=""/>
    <property name="java.vendor.url" value="http://java.oracle.com/"/>
    <property name="user.timezone" value=""/>
    <property name="java.vm.specification.version" value="1.8"/>
    <property name="os.name" value="Windows 7"/>
    <property name="user.country" value="CN"/>
    <property name="sun.java.launcher" value="SUN_STANDARD"/>
    <property name="sun.boot.library.path" value="E:\JDK\jdk1.8.0_121\jre\bin"/>
    <property name="sun.java.command" value="C:\Users\ADMINI~1\AppData\Local\Temp\surefire2402780474902006906\surefirebooter5185869819784506334.jar C:\Users\Administrator\AppData\Local\Temp\surefire2402780474902006906 2018-07-02T01-26-10_054-jvmRun1 surefire4599322042601768128tmp surefire_05019283839332528168tmp"/>
    <property name="surefire.test.class.path" value="F:\ideaProjects\springboot\spring-boot-starter-hello\target\test-classes;F:\ideaProjects\springboot\spring-boot-starter-hello\target\classes;E:\Maven\repository\org\springframework\boot\spring-boot-autoconfigure\1.5.14.RELEASE\spring-boot-autoconfigure-1.5.14.RELEASE.jar;E:\Maven\repository\org\springframework\boot\spring-boot\1.5.14.RELEASE\spring-boot-1.5.14.RELEASE.jar;E:\Maven\repository\org\springframework\spring-core\4.3.18.RELEASE\spring-core-4.3.18.RELEASE.jar;E:\Maven\repository\commons-logging\commons-logging\1.2\commons-logging-1.2.jar;E:\Maven\repository\org\springframework\spring-context\4.3.18.RELEASE\spring-context-4.3.18.RELEASE.jar;E:\Maven\repository\org\springframework\spring-aop\4.3.18.RELEASE\spring-aop-4.3.18.RELEASE.jar;E:\Maven\repository\org\springframework\spring-beans\4.3.18.RELEASE\spring-beans-4.3.18.RELEASE.jar;E:\Maven\repository\org\springframework\spring-expression\4.3.18.RELEASE\spring-expression-4.3.18.RELEASE.jar;E:\Maven\repository\junit\junit\4.11\junit-4.11.jar;E:\Maven\repository\org\hamcrest\hamcrest-core\1.3\hamcrest-core-1.3.jar;"/>
    <property name="sun.cpu.endian" value="little"/>
    <property name="user.home" value="C:\Users\Administrator"/>
    <property name="user.language" value="zh"/>
    <property name="java.specification.vendor" value="Oracle Corporation"/>
    <property name="java.home" value="E:\JDK\jdk1.8.0_121\jre"/>
    <property name="basedir" value="F:\ideaProjects\springboot\spring-boot-starter-hello"/>
    <property name="file.separator" value="\"/>
    <property name="line.separator" value="&#10;"/>
    <property name="java.vm.specification.vendor" value="Oracle Corporation"/>
    <property name="java.specification.name" value="Java Platform API Specification"/>
    <property name="java.awt.graphicsenv" value="sun.awt.Win32GraphicsEnvironment"/>
    <property name="surefire.real.class.path" value="C:\Users\ADMINI~1\AppData\Local\Temp\surefire2402780474902006906\surefirebooter5185869819784506334.jar"/>
    <property name="sun.boot.class.path" value="E:\JDK\jdk1.8.0_121\jre\lib\resources.jar;E:\JDK\jdk1.8.0_121\jre\lib\rt.jar;E:\JDK\jdk1.8.0_121\jre\lib\sunrsasign.jar;E:\JDK\jdk1.8.0_121\jre\lib\jsse.jar;E:\JDK\jdk1.8.0_121\jre\lib\jce.jar;E:\JDK\jdk1.8.0_121\jre\lib\charsets.jar;E:\JDK\jdk1.8.0_121\jre\lib\jfr.jar;E:\JDK\jdk1.8.0_121\jre\classes"/>
    <property name="user.script" value=""/>
    <property name="sun.management.compiler" value="HotSpot 64-Bit Tiered Compilers"/>
    <property name="java.runtime.version" value="1.8.0_121-b13"/>
    <property name="user.name" value="fuqinqin"/>
    <property name="path.separator" value=";"/>
    <property name="os.version" value="6.1"/>
    <property name="java.endorsed.dirs" value="E:\JDK\jdk1.8.0_121\jre\lib\endorsed"/>
    <property name="java.runtime.name" value="Java(TM) SE Runtime Environment"/>
    <property name="file.encoding" value="GBK"/>
    <property name="java.vm.name" value="Java HotSpot(TM) 64-Bit Server VM"/>
    <property name="localRepository" value="E:\Maven\repository"/>
    <property name="java.vendor.url.bug" value="http://bugreport.sun.com/bugreport/"/>
    <property name="java.io.tmpdir" value="C:\Users\ADMINI~1\AppData\Local\Temp\"/>
    <property name="java.version" value="1.8.0_121"/>
    <property name="user.dir" value="F:\ideaProjects\springboot\spring-boot-starter-hello"/>
    <property name="os.arch" value="amd64"/>
    <property name="java.vm.specification.name" value="Java Virtual Machine Specification"/>
    <property name="java.awt.printerjob" value="sun.awt.windows.WPrinterJob"/>
    <property name="sun.os.patch.level" value="Service Pack 1"/>
    <property name="java.library.path" value="E:\JDK\jdk1.8.0_121\jre\bin;C:\Windows\Sun\Java\bin;C:\Windows\system32;C:\Windows;E:\scala\scala-2.12.6\bin;E:\scala\scala-2.12.6\jre\bin;E:\MongoDB\3.2\bin;E:\Tomcat\apache-tomcat-8.5.23\lib;E:\Tomcat\apache-tomcat-8.5.23\bin;E:\git\setup\Git\mingw32\libexec\git-core;E:\git\setup\Git\bin;E:\spring\spring-1.5.4.RELEASE\bin;E:\nginx\nginx-1.10.3;D:\Program Files\erl5.9\bin;E:\mycat\Mycat-server-1.6-RELEASE-20161028204710-win\mycat\bin;C:\ProgramData\Oracle\Java\javapath;E:\gradle\gradle-4.4\bin;E:\JDK\jdk1.8.0_121\bin;E:\JDK\jdk1.8.0_121\jre\bin;E:\apache-ant-1.9.7\bin;E:\instantclient-basic-win32-11.2.0.1.0\instantclient_11_2;E:\MySQL Server 5.6\bin;E:\Maven\apache-maven-3.2.5\apache-maven-3.2.5\bin;E:\Oracle\Middleware\jdk160_29\bin;E:\Oracle\Middleware\jdk160_29\jre\bin;C:\Windows\system32;C:\Windows;C:\Windows\System32\Wbem;C:\Windows\System32\WindowsPowerShell\v1.0\;C:\Program Files\Intel\WiFi\bin\;C:\Program Files\Common Files\Intel\WirelessCommon\;C:\Program Files (x86)\NVIDIA Corporation\PhysX\Common;C:\Program Files (x86)\sbt\bin;C:\Program Files\nodejs\;C:\Program Files\Intel\WiFi\bin\;C:\Program Files\Common Files\Intel\WirelessCommon\;C:\Users\Administrator\AppData\Roaming\npm;."/>
    <property name="java.vm.info" value="mixed mode"/>
    <property name="java.vendor" value="Oracle Corporation"/>
    <property name="java.vm.version" value="25.121-b13"/>
    <property name="java.ext.dirs" value="E:\JDK\jdk1.8.0_121\jre\lib\ext;C:\Windows\Sun\Java\lib\ext"/>
    <property name="sun.io.unicode.encoding" value="UnicodeLittle"/>
    <property name="java.class.version" value="52.0"/>
  </properties>
  <testcase name="shouldAnswerWithTrue" classname="com.fuqinqin.code.AppTest" time="0"/>
</testsuite>